# JRE version: OpenJDK Runtime Environment (8.0_112-b06) (build 1.8.0_112-release-b06)
# Java VM: OpenJDK 64-Bit Server VM (25.112-b06 mixed mode windows-amd64 compressed oops)
Heap:
 PSYoungGen      total 421888K, used 342862K [0x00000000e0000000, 0x0000000100000000, 0x0000000100000000)
  eden space 368640K, 89% used [0x00000000e0000000,0x00000000f42d7d80,0x00000000f6800000)
  from space 53248K, 23% used [0x00000000f6800000,0x00000000f73fbb00,0x00000000f9c00000)
  to   space 82432K, 0% used [0x00000000faf80000,0x00000000faf80000,0x0000000100000000)
 ParOldGen       total 188416K, used 187944K [0x00000000a0000000, 0x00000000ab800000, 0x00000000e0000000)
  object space 188416K, 99% used [0x00000000a0000000,0x00000000ab78a218,0x00000000ab800000)
 Metaspace       used 69376K, capacity 71602K, committed 73688K, reserved 1114112K
  class space    used 8763K, capacity 9166K, committed 9688K, reserved 1048576K
GC Heap History (10 events):
Event: 6484.728 GC heap before
{Heap before GC invocations=22 (full 4):
 PSYoungGen      total 414208K, used 29172K [0x00000000e0000000, 0x00000000fed00000, 0x0000000100000000)
  eden space 385024K, 0% used [0x00000000e0000000,0x00000000e0000000,0x00000000f7800000)
  from space 29184K, 99% used [0x00000000fa180000,0x00000000fbdfd218,0x00000000fbe00000)
  to   space 42496K, 0% used [0x00000000f7800000,0x00000000f7800000,0x00000000fa180000)
 ParOldGen       total 126976K, used 105888K [0x00000000a0000000, 0x00000000a7c00000, 0x00000000e0000000)
  object space 126976K, 83% used [0x00000000a0000000,0x00000000a67683d8,0x00000000a7c00000)
 Metaspace       used 70583K, capacity 73566K, committed 73688K, reserved 1114112K
  class space    used 9073K, capacity 9660K, committed 9688K, reserved 1048576K
Event: 6485.112 GC heap after
Heap after GC invocations=22 (full 4):
 PSYoungGen      total 414208K, used 0K [0x00000000e0000000, 0x00000000fed00000, 0x0000000100000000)
  eden space 385024K, 0% used [0x00000000e0000000,0x00000000e0000000,0x00000000f7800000)
  from space 29184K, 0% used [0x00000000fa180000,0x00000000fa180000,0x00000000fbe00000)
  to   space 42496K, 0% used [0x00000000f7800000,0x00000000f7800000,0x00000000fa180000)
 ParOldGen       total 188416K, used 86973K [0x00000000a0000000, 0x00000000ab800000, 0x00000000e0000000)
  object space 188416K, 46% used [0x00000000a0000000,0x00000000a54ef638,0x00000000ab800000)
 Metaspace       used 69206K, capacity 71410K, committed 73688K, reserved 1114112K
  class space    used 8761K, capacity 9166K, committed 9688K, reserved 1048576K
}
Event: 6486.254 GC heap before
{Heap before GC invocations=23 (full 4):
 PSYoungGen      total 414208K, used 385024K [0x00000000e0000000, 0x00000000fed00000, 0x0000000100000000)
  eden space 385024K, 100% used [0x00000000e0000000,0x00000000f7800000,0x00000000f7800000)
  from space 29184K, 0% used [0x00000000fa180000,0x00000000fa180000,0x00000000fbe00000)
  to   space 42496K, 0% used [0x00000000f7800000,0x00000000f7800000,0x00000000fa180000)
 ParOldGen       total 188416K, used 86973K [0x00000000a0000000, 0x00000000ab800000, 0x00000000e0000000)
  object space 188416K, 46% used [0x00000000a0000000,0x00000000a54ef638,0x00000000ab800000)
 Metaspace       used 69226K, capacity 71410K, committed 73688K, reserved 1114112K
  class space    used 8761K, capacity 9166K, committed 9688K, reserved 1048576K
Event: 6486.366 GC heap after
Heap after GC invocations=23 (full 4):
 PSYoungGen      total 427520K, used 42470K [0x00000000e0000000, 0x0000000100000000, 0x0000000100000000)
  eden space 385024K, 0% used [0x00000000e0000000,0x00000000e0000000,0x00000000f7800000)
  from space 42496K, 99% used [0x00000000f7800000,0x00000000fa179ba8,0x00000000fa180000)
  to   space 55808K, 0% used [0x00000000fc980000,0x00000000fc980000,0x0000000100000000)
 ParOldGen       total 188416K, used 104711K [0x00000000a0000000, 0x00000000ab800000, 0x00000000e0000000)
  object space 188416K, 55% used [0x00000000a0000000,0x00000000a6641d40,0x00000000ab800000)
 Metaspace       used 69226K, capacity 71410K, committed 73688K, reserved 1114112K
  class space    used 8761K, capacity 9166K, committed 9688K, reserved 1048576K
}
Event: 6487.348 GC heap before
{Heap before GC invocations=24 (full 4):
 PSYoungGen      total 427520K, used 427494K [0x00000000e0000000, 0x0000000100000000, 0x0000000100000000)
  eden space 385024K, 100% used [0x00000000e0000000,0x00000000f7800000,0x00000000f7800000)
  from space 42496K, 99% used [0x00000000f7800000,0x00000000fa179ba8,0x00000000fa180000)
  to   space 55808K, 0% used [0x00000000fc980000,0x00000000fc980000,0x0000000100000000)
 ParOldGen       total 188416K, used 104711K [0x00000000a0000000, 0x00000000ab800000, 0x00000000e0000000)
  object space 188416K, 55% used [0x00000000a0000000,0x00000000a6641d40,0x00000000ab800000)
 Metaspace       used 69239K, capacity 71410K, committed 73688K, reserved 1114112K
  class space    used 8761K, capacity 9166K, committed 9688K, reserved 1048576K
Event: 6487.447 GC heap after
Heap after GC invocations=24 (full 4):
 PSYoungGen      total 424448K, used 55783K [0x00000000e0000000, 0x0000000100000000, 0x0000000100000000)
  eden space 368640K, 0% used [0x00000000e0000000,0x00000000e0000000,0x00000000f6800000)
  from space 55808K, 99% used [0x00000000fc980000,0x00000000ffff9df0,0x0000000100000000)
  to   space 77824K, 0% used [0x00000000f6800000,0x00000000f6800000,0x00000000fb400000)
 ParOldGen       total 188416K, used 138287K [0x00000000a0000000, 0x00000000ab800000, 0x00000000e0000000)
  object space 188416K, 73% used [0x00000000a0000000,0x00000000a870bf68,0x00000000ab800000)
 Metaspace       used 69239K, capacity 71410K, committed 73688K, reserved 1114112K
  class space    used 8761K, capacity 9166K, committed 9688K, reserved 1048576K
}
Event: 6487.882 GC heap before
{Heap before GC invocations=25 (full 4):
 PSYoungGen      total 424448K, used 424423K [0x00000000e0000000, 0x0000000100000000, 0x0000000100000000)
  eden space 368640K, 100% used [0x00000000e0000000,0x00000000f6800000,0x00000000f6800000)
  from space 55808K, 99% used [0x00000000fc980000,0x00000000ffff9df0,0x0000000100000000)
  to   space 77824K, 0% used [0x00000000f6800000,0x00000000f6800000,0x00000000fb400000)
 ParOldGen       total 188416K, used 138287K [0x00000000a0000000, 0x00000000ab800000, 0x00000000e0000000)
  object space 188416K, 73% used [0x00000000a0000000,0x00000000a870bf68,0x00000000ab800000)
 Metaspace       used 69245K, capacity 71474K, committed 73688K, reserved 1114112K
  class space    used 8761K, capacity 9166K, committed 9688K, reserved 1048576K
Event: 6487.943 GC heap after
Heap after GC invocations=25 (full 4):
 PSYoungGen      total 421888K, used 52866K [0x00000000e0000000, 0x0000000100000000, 0x0000000100000000)
  eden space 368640K, 0% used [0x00000000e0000000,0x00000000e0000000,0x00000000f6800000)
  from space 53248K, 99% used [0x00000000f6800000,0x00000000f9ba09a8,0x00000000f9c00000)
  to   space 82432K, 0% used [0x00000000faf80000,0x00000000faf80000,0x0000000100000000)
 ParOldGen       total 188416K, used 156899K [0x00000000a0000000, 0x00000000ab800000, 0x00000000e0000000)
  object space 188416K, 83% used [0x00000000a0000000,0x00000000a9938c10,0x00000000ab800000)
 Metaspace       used 69245K, capacity 71474K, committed 73688K, reserved 1114112K
  class space    used 8761K, capacity 9166K, committed 9688K, reserved 1048576K
}
Event: 6487.943 GC heap before
{Heap before GC invocations=26 (full 5):
 PSYoungGen      total 421888K, used 52866K [0x00000000e0000000, 0x0000000100000000, 0x0000000100000000)
  eden space 368640K, 0% used [0x00000000e0000000,0x00000000e0000000,0x00000000f6800000)
  from space 53248K, 99% used [0x00000000f6800000,0x00000000f9ba09a8,0x00000000f9c00000)
  to   space 82432K, 0% used [0x00000000faf80000,0x00000000faf80000,0x0000000100000000)
 ParOldGen       total 188416K, used 156899K [0x00000000a0000000, 0x00000000ab800000, 0x00000000e0000000)
  object space 188416K, 83% used [0x00000000a0000000,0x00000000a9938c10,0x00000000ab800000)
 Metaspace       used 69245K, capacity 71474K, committed 73688K, reserved 1114112K
  class space    used 8761K, capacity 9166K, committed 9688K, reserved 1048576K
Event: 6488.841 GC heap after
Heap after GC invocations=26 (full 5):
 PSYoungGen      total 421888K, used 12270K [0x00000000e0000000, 0x0000000100000000, 0x0000000100000000)
  eden space 368640K, 0% used [0x00000000e0000000,0x00000000e0000000,0x00000000f6800000)
  from space 53248K, 23% used [0x00000000f6800000,0x00000000f73fbb00,0x00000000f9c00000)
  to   space 82432K, 0% used [0x00000000faf80000,0x00000000faf80000,0x0000000100000000)
 ParOldGen       total 188416K, used 187944K [0x00000000a0000000, 0x00000000ab800000, 0x00000000e0000000)
  object space 188416K, 99% used [0x00000000a0000000,0x00000000ab78a218,0x00000000ab800000)
 Metaspace       used 69245K, capacity 71474K, committed 73688K, reserved 1114112K
  class space    used 8761K, capacity 9166K, committed 9688K, reserved 1048576K
}

